Fetching registry information from https://github.com/microsoft/vcpkg (HEAD)...
Detecting compiler hash for triplet x64-windows...
A suitable version of powershell-core was not found (required v7.2.11) Downloading portable powershell-core 7.2.11...
Downloading powershell-core...
https://github.com/PowerShell/PowerShell/releases/download/v7.2.11/PowerShell-7.2.11-win-x86.zip->C:\Users\developer\Task_Manager_Tool\vcpkg\downloads\PowerShell-7.2.11-win-x86.zip
Downloading https://github.com/PowerShell/PowerShell/releases/download/v7.2.11/PowerShell-7.2.11-win-x86.zip
Extracting powershell-core...
The following packages will be built and installed:
    fmt:x64-windows@10.2.1 -- C:\Users\developer\AppData\Local\vcpkg\registries\git-trees\405156a2b01c91258bf66768ceb3ae75c1caba7f
  * vcpkg-cmake:x64-windows@2023-05-04 -- C:\Users\developer\AppData\Local\vcpkg\registries\git-trees\88a7058fc7fa73a9c4c99cfcae9d79e2abf87a5a
  * vcpkg-cmake-config:x64-windows@2022-02-06#1 -- C:\Users\developer\AppData\Local\vcpkg\registries\git-trees\8d54cc4f487d51b655abec5f9c9c3f86ca83311f
Additional packages (*) will be modified to complete this operation.
A suitable version of 7zip was not found (required v23.1.0) Downloading portable 7zip 23.1.0...
Downloading 7zip...
https://www.7-zip.org/a/7z2301-extra.7z->C:\Users\developer\Task_Manager_Tool\vcpkg\downloads\7z2301-extra.7z
Downloading https://www.7-zip.org/a/7z2301-extra.7z
Extracting 7zip...
Restored 3 package(s) from C:\Users\developer\AppData\Local\vcpkg\archives in 256 ms. Use --debug to see more details.
Installing 1/3 vcpkg-cmake-config:x64-windows@2022-02-06#1...
Elapsed time to handle vcpkg-cmake-config:x64-windows: 3.81 ms
vcpkg-cmake-config:x64-windows package ABI: 03759f9ff72b1b12c4c95c6ed9bb8e80b994480a629fcfe3d34f23a0b01b3311
Installing 2/3 vcpkg-cmake:x64-windows@2023-05-04...
Elapsed time to handle vcpkg-cmake:x64-windows: 4.22 ms
vcpkg-cmake:x64-windows package ABI: f490b8ede271084b83ffff01ef63f76a79dd460eb585ec78ab59b14f13521de5
Installing 3/3 fmt:x64-windows@10.2.1...
Elapsed time to handle fmt:x64-windows: 10.2 ms
fmt:x64-windows package ABI: 01abdbe42b2327749ee9547deede25fe9380f9b163aa120a9fdef88c2ffd9d75
Total install time: 18.4 ms
The package fmt provides CMake targets:

    find_package(fmt CONFIG REQUIRED)
    target_link_libraries(main PRIVATE fmt::fmt)

    # Or use the header-only version
    find_package(fmt CONFIG REQUIRED)
    target_link_libraries(main PRIVATE fmt::fmt-header-only)

